[debug] [2026-05-18T13:09:42.916Z] ----------------------------------------------------------------------
[debug] [2026-05-18T13:09:42.920Z] Command:       C:\Program Files\nodejs\node.exe C:\Users\Saron\AppData\Roaming\npm\node_modules\firebase-tools\lib\bin\firebase.js init hosting
[debug] [2026-05-18T13:09:42.921Z] CLI Version:   15.18.0
[debug] [2026-05-18T13:09:42.921Z] Platform:      win32
[debug] [2026-05-18T13:09:42.921Z] Node Version:  v24.15.0
[debug] [2026-05-18T13:09:42.921Z] Time:          Mon May 18 2026 06:09:42 GMT-0700 (Pacific Daylight Time)
[debug] [2026-05-18T13:09:42.921Z] ----------------------------------------------------------------------
[debug] 
[info] 
     ######## #### ########  ######## ########     ###     ######  ########
     ##        ##  ##     ## ##       ##     ##  ##   ##  ##       ##
     ######    ##  ########  ######   ########  #########  ######  ######
     ##        ##  ##    ##  ##       ##     ## ##     ##       ## ##
     ##       #### ##     ## ######## ########  ##     ##  ######  ########

You're about to initialize a Firebase project in this directory:

  C:\Users\Saron\Desktop\bashewam-payroll

Before we get started, keep in mind:

  * You are initializing within an existing Firebase project directory

[info] 
=== Project Setup
[info] 
[info] First, let's associate this project directory with a Firebase project.
[info] You can create multiple project aliases by running firebase use --add, 
[info] 
[debug] [2026-05-18T13:09:54.051Z] > command requires scopes: ["email","openid","https://www.googleapis.com/auth/cloudplatformprojects.readonly","https://www.googleapis.com/auth/firebase","https://www.googleapis.com/auth/cloud-platform"]
[debug] [2026-05-18T13:09:54.052Z] > authorizing via signed-in user (sisaysaron10@gmail.com)
[debug] [2026-05-18T13:09:54.053Z] Checked if tokens are valid: true, expires at: 1779113279486
[debug] [2026-05-18T13:09:54.054Z] Checked if tokens are valid: true, expires at: 1779113279486
[debug] [2026-05-18T13:09:54.056Z] >>> [apiv2][query] GET https://firebase.googleapis.com/v1beta1/projects/bashewam-school-payroll [none]
[debug] [2026-05-18T13:09:55.211Z] <<< [apiv2][status] GET https://firebase.googleapis.com/v1beta1/projects/bashewam-school-payroll 403
[debug] [2026-05-18T13:09:55.211Z] <<< [apiv2][body] GET https://firebase.googleapis.com/v1beta1/projects/bashewam-school-payroll {"error":{"code":403,"message":"The caller does not have permission","status":"PERMISSION_DENIED"}}
[debug] [2026-05-18T13:09:55.212Z] Request to https://firebase.googleapis.com/v1beta1/projects/bashewam-school-payroll had HTTP Error: 403, The caller does not have permission
[debug] [2026-05-18T13:09:55.899Z] FirebaseError: Request to https://firebase.googleapis.com/v1beta1/projects/bashewam-school-payroll had HTTP Error: 403, The caller does not have permission
    at responseToError (C:\Users\Saron\AppData\Roaming\npm\node_modules\firebase-tools\lib\responseToError.js:53:12)
    at RetryOperation._fn (C:\Users\Saron\AppData\Roaming\npm\node_modules\firebase-tools\lib\apiv2.js:333:77)
    at process.processTicksAndRejections (node:internal/process/task_queues:104:5)
[error] 
[error] Error: Failed to get Firebase project bashewam-school-payroll. Please make sure the project exists and your account has permission to access it.
